[LOG] System::create                           : Header version = 1.10.03. Current version = 1.10.03.
[LOG] SystemI::setOutputInternal               : Setting output to 'FMOD WASAPI Output'
[LOG] Manager::init                            : maxchannels = 1024 studioflags = 00000009 flags 00000000 extradriverdata 0000000000000000.
[LOG] SystemI::init                            : Initialize version=11003 (93157), maxchannels=1024, flags=0x00030000
[LOG] OutputWASAPI::init                       : Mix Format (WAVEFORMATEX): wFormatTag=0xFFFE, nChannels=2, nSamplesPerSec=48000, nAvgBytesPerSec=384000, nBlockAlign=8, wBitsPerSample=32, cbSize=22.
[LOG] OutputWASAPI::init                       : Mix Format (WAVEFORMATEXTENSIBLE): wValidBitsPerSample=32, dwChannelMask=0x00000003, SubFormat=00000003-0000-0010-8000-00AA00389B71.
[LOG] OutputWASAPI::init                       : Output buffer size: 4096 samples, latency: 0.00ms, period: 10.00ms, DSP buffer: 1024 * 4
[LOG] Thread::initThread                       : Init FMOD stream thread. Priority: 2, Stack Size: 65536, Semaphore: No, Sleep Time: 10, Looping: Yes.
[LOG] SystemI::DSPCodecPoolRegister            : register codec pool for pool type 5
[LOG] Thread::initThread                       : Init FMOD mixer thread. Priority: 3, Stack Size: 49152, Semaphore: No, Sleep Time: 0, Looping: Yes.
[LOG] AsyncManager::init                       : manager 00000000905BB0C8 isAsync 1 updatePeriod 0.02
[LOG] Thread::initThread                       : Init FMOD Studio update thread. Priority: 0, Stack Size: 65536, Semaphore: No, Sleep Time: 1, Looping: No.
[LOG] AsyncManager::init                       : done
[LOG] PlaybackSystem::init                     : 
[LOG] Thread::initThread                       : Init FMOD Studio sample load thread. Priority: 0, Stack Size: 65536, Semaphore: No, Sleep Time: 1, Looping: No.
[LOG] PlaybackSystem::init                     : done
[LOG] LiveUpdate::init                         : 
[LOG] Thread::initThread                       : Init FMOD Studio bank load thread. Priority: 0, Stack Size: 65536, Semaphore: No, Sleep Time: 1, Looping: No.
[LOG] Manager::init                            : done.
[LOG] Profile::init                            : Profiler listening on port: 9264
[LOG] Manager::readBank                        : fileversion = 100, compatVersion = 99 (oldest = 44, newest = 100)
[LOG] Manager::readBank                        : fileversion = 100, compatVersion = 99 (oldest = 44, newest = 100)
[LOG] PlaybackSystem::acquireMasterBus         : Setting master channel group format to 6
[LOG] SystemI::createSoundInternal             : Create name='', mode=0x02000202
[LOG] SystemI::createSoundInternal             : exinfo->cbsize             = 232
[LOG] SystemI::createSoundInternal             : exinfo->length             = 2461408
[LOG] SystemI::createSoundInternal             : exinfo->fileoffset         = 73472
[LOG] SystemI::createSoundInternal             : exinfo->numsubsounds       = 1
[LOG] SystemI::createSoundInternal             : exinfo->inclusionlist      = 00000000DD70F5FC
[LOG] SystemI::createSoundInternal             : exinfo->inclusionlistnum   = 1
[LOG] SystemI::createSoundInternal             : exinfo->suggestedsoundtype = 5
[LOG] SystemI::createSoundInternal             : exinfo->useropen           = 00007FF98BCB5EC0
[LOG] SystemI::createSoundInternal             : exinfo->userclose          = 00007FF98BCB5E90
[LOG] SystemI::createSoundInternal             : exinfo->userread           = 00007FF98BCB5F90
[LOG] SystemI::createSoundInternal             : exinfo->userseek           = 00007FF98BCB6040
[LOG] SystemI::createSoundInternal             : exinfo->fileuserdata       = 00000000027FBC78
[LOG] SystemI::createSoundInternal             : exinfo->initialseekpostype = 1
[LOG] SystemI::DSPCodecPoolRegister            : register codec pool for pool type 5
[LOG] SystemI::createSoundInternal             : Sample 0/1: name='ambience_dungeon', format=2, channels=2, frequency=48000, lengthbytes=49472, lengthpcm=206250, pcmblocksize=0, loopstart=0, loopend=0, mode=0x00000000, channelmask=0x00000000, channelorder=0, peakvolume=0.087433.
[LOG] SystemI::createSoundInternal             : Create name='', mode=0x02000202
[LOG] SystemI::createSoundInternal             : exinfo->cbsize             = 232
[LOG] SystemI::createSoundInternal             : exinfo->length             = 2461408
[LOG] SystemI::createSoundInternal             : exinfo->fileoffset         = 73472
[LOG] SystemI::createSoundInternal             : exinfo->numsubsounds       = 1
[LOG] SystemI::createSoundInternal             : exinfo->inclusionlist      = 00000000DD70F5FC
[LOG] SystemI::createSoundInternal             : exinfo->inclusionlistnum   = 1
[LOG] SystemI::createSoundInternal             : exinfo->suggestedsoundtype = 5
[LOG] SystemI::createSoundInternal             : exinfo->useropen           = 00007FF98BCB5EC0
[LOG] SystemI::createSoundInternal             : exinfo->userclose          = 00007FF98BCB5E90
[LOG] SystemI::createSoundInternal             : exinfo->userread           = 00007FF98BCB5F90
[LOG] SystemI::createSoundInternal             : exinfo->userseek           = 00007FF98BCB6040
[LOG] SystemI::createSoundInternal             : exinfo->fileuserdata       = 0000000013C54BC8
[LOG] SystemI::createSoundInternal             : exinfo->initialseekpostype = 1
[LOG] SystemI::DSPCodecPoolRegister            : register codec pool for pool type 5
[LOG] SystemI::createSoundInternal             : Sample 0/1: name='Fire Throw', format=2, channels=2, frequency=48000, lengthbytes=26048, lengthpcm=98236, pcmblocksize=0, loopstart=0, loopend=0, mode=0x00000000, channelmask=0x00000000, channelorder=0, peakvolume=0.931549.
[LOG] SystemI::createSoundInternal             : Create name='', mode=0x02000202
[LOG] SystemI::createSoundInternal             : exinfo->cbsize             = 232
[LOG] SystemI::createSoundInternal             : exinfo->length             = 2461408
[LOG] SystemI::createSoundInternal             : exinfo->fileoffset         = 73472
[LOG] SystemI::createSoundInternal             : exinfo->numsubsounds       = 1
[LOG] SystemI::createSoundInternal             : exinfo->inclusionlist      = 00000000DD70F5FC
[LOG] SystemI::createSoundInternal             : exinfo->inclusionlistnum   = 1
[LOG] SystemI::createSoundInternal             : exinfo->suggestedsoundtype = 5
[LOG] SystemI::createSoundInternal             : exinfo->useropen           = 00007FF98BCB5EC0
[LOG] SystemI::createSoundInternal             : exinfo->userclose          = 00007FF98BCB5E90
[LOG] SystemI::createSoundInternal             : exinfo->userread           = 00007FF98BCB5F90
[LOG] SystemI::createSoundInternal             : exinfo->userseek           = 00007FF98BCB6040
[LOG] SystemI::createSoundInternal             : exinfo->fileuserdata       = 00000000027FBC78
[LOG] SystemI::createSoundInternal             : exinfo->initialseekpostype = 1
[LOG] SystemI::DSPCodecPoolRegister            : register codec pool for pool type 5
[LOG] SystemI::createSoundInternal             : Sample 0/1: name='Fire Projectile 2', format=2, channels=2, frequency=48000, lengthbytes=60960, lengthpcm=196472, pcmblocksize=0, loopstart=0, loopend=0, mode=0x00000000, channelmask=0x00000000, channelorder=0, peakvolume=0.652374.
[LOG] SystemI::createSoundInternal             : Create name='', mode=0x02000202
[LOG] SystemI::createSoundInternal             : exinfo->cbsize             = 232
[LOG] SystemI::createSoundInternal             : exinfo->length             = 2461408
[LOG] SystemI::createSoundInternal             : exinfo->fileoffset         = 73472
[LOG] SystemI::createSoundInternal             : exinfo->numsubsounds       = 1
[LOG] SystemI::createSoundInternal             : exinfo->inclusionlist      = 00000000DD70F5FC
[LOG] SystemI::createSoundInternal             : exinfo->inclusionlistnum   = 1
[LOG] SystemI::createSoundInternal             : exinfo->suggestedsoundtype = 5
[LOG] SystemI::createSoundInternal             : exinfo->useropen           = 00007FF98BCB5EC0
[LOG] SystemI::createSoundInternal             : exinfo->userclose          = 00007FF98BCB5E90
[LOG] SystemI::createSoundInternal             : exinfo->userread           = 00007FF98BCB5F90
[LOG] SystemI::createSoundInternal             : exinfo->userseek           = 00007FF98BCB6040
[LOG] SystemI::createSoundInternal             : exinfo->fileuserdata       = 00000000758053D8
[LOG] SystemI::createSoundInternal             : exinfo->initialseekpostype = 1
[LOG] SystemI::DSPCodecPoolRegister            : register codec pool for pool type 5
[LOG] SystemI::createSoundInternal             : Sample 0/1: name='Fire impact final 3', format=2, channels=2, frequency=48000, lengthbytes=9728, lengthpcm=36000, pcmblocksize=0, loopstart=0, loopend=0, mode=0x00000000, channelmask=0x00000000, channelorder=0, peakvolume=0.558136.
[LOG] SystemI::createSoundInternal             : Create name='', mode=0x02000202
[LOG] SystemI::createSoundInternal             : exinfo->cbsize             = 232
[LOG] SystemI::createSoundInternal             : exinfo->length             = 2461408
[LOG] SystemI::createSoundInternal             : exinfo->fileoffset         = 73472
[LOG] SystemI::createSoundInternal             : exinfo->numsubsounds       = 1
[LOG] SystemI::createSoundInternal             : exinfo->inclusionlist      = 00000000DD70F5FC
[LOG] SystemI::createSoundInternal             : exinfo->inclusionlistnum   = 1
[LOG] SystemI::createSoundInternal             : exinfo->suggestedsoundtype = 5
[LOG] SystemI::createSoundInternal             : exinfo->useropen           = 00007FF98BCB5EC0
[LOG] SystemI::createSoundInternal             : exinfo->userclose          = 00007FF98BCB5E90
[LOG] SystemI::createSoundInternal             : exinfo->userread           = 00007FF98BCB5F90
[LOG] SystemI::createSoundInternal             : exinfo->userseek           = 00007FF98BCB6040
[LOG] SystemI::createSoundInternal             : exinfo->fileuserdata       = 00000000758053D8
[LOG] SystemI::createSoundInternal             : exinfo->initialseekpostype = 1
[LOG] SystemI::DSPCodecPoolRegister            : register codec pool for pool type 5
[LOG] SystemI::createSoundInternal             : Sample 0/1: name='Fire impact final 1', format=2, channels=2, frequency=48000, lengthbytes=9696, lengthpcm=36000, pcmblocksize=0, loopstart=0, loopend=0, mode=0x00000000, channelmask=0x00000000, channelorder=0, peakvolume=0.644745.
[LOG] SoundI::release                          :  (0000000084E8FB18)
[LOG] SoundI::release                          :     Fire Throw (0000000084F18178)
[LOG] SoundI::release                          :  (0000000084E90AE8)
[LOG] SoundI::release                          :     Fire Projectile 2 (0000000084F184B8)
[LOG] SoundI::release                          :  (0000000084E90698)
[LOG] SoundI::release                          :     ambience_dungeon (0000000084F1A398)
[LOG] SoundI::release                          :  (0000000084E90C58)
[LOG] SoundI::release                          :     Fire impact final 1 (0000000084F18B38)
[LOG] SoundI::release                          :  (0000000084E917D8)
[LOG] SoundI::release                          :     Fire impact final 3 (0000000084F18998)
[LOG] Thread::callback                         : FMOD Studio update thread finished.
[LOG] Thread::callback                         : FMOD Studio bank load thread finished.
[LOG] Profile::disconnectAll                   : Profiler disconnecting all clients
[LOG] Thread::callback                         : FMOD Studio sample load thread finished.
[LOG] LiveUpdate::release                      : 
[LOG] LiveUpdate::reset                        : Reset connection (reason Disconnected)
[LOG] Thread::callback                         : FMOD stream thread finished.
[LOG] Thread::callback                         : FMOD mixer thread finished.
[LOG] Profile::disconnectAll                   : Profiler disconnecting all clients
[LOG] SystemI::close                           : Closed.
